<?xml version="1.0" encoding="UTF-8"?>
<!-- Generated by org.testng.reporters.JUnitReportReporter -->
<testsuite hostname="MSI" failures="0" tests="2" name="com.crm.qa.testcases.HomePageTest" time="30.477" errors="0" timestamp="2022-12-12T16:50:00 IST" skipped="0">
  <testcase classname="com.crm.qa.testcases.HomePageTest" name="verifyHomePageTitleTest" time="17.335"/>
  <system-out/>
  <testcase classname="com.crm.qa.testcases.HomePageTest" name="verifyUserNameTest" time="13.142"/>
  <system-out/>
</testsuite> <!-- com.crm.qa.testcases.HomePageTest -->
