<?xml version="1.0" encoding="UTF-8"?>
<!-- Generated by org.testng.reporters.JUnitReportReporter -->
<testsuite hostname="MSI" failures="0" tests="4" name="com.crm.qa.testcases.ContactPageTest" time="78.742" errors="0" timestamp="2022-12-12T16:50:00 IST" skipped="0">
  <testcase classname="com.crm.qa.testcases.ContactPageTest" name="verifyContactLabelTest" time="15.047"/>
  <system-out/>
  <testcase classname="com.crm.qa.testcases.ContactPageTest" name="createNewContactTest" time="21.439"/>
  <system-out/>
  <testcase classname="com.crm.qa.testcases.ContactPageTest" name="createNewContactTest" time="21.533"/>
  <system-out/>
  <testcase classname="com.crm.qa.testcases.ContactPageTest" name="createNewContactTest" time="20.723"/>
  <system-out/>
</testsuite> <!-- com.crm.qa.testcases.ContactPageTest -->
